<?xml version="1.0" encoding="utf-8"?><testsuites name="pytest tests"><testsuite name="pytest" errors="0" failures="0" skipped="0" tests="6" time="0.840" timestamp="2026-04-19T11:19:50.891954+00:00" hostname="agent-env-0eac6b7d-6f95-40aa-a26f-b551e139a0f3"><testcase classname="backend.tests.test_admin_clear_attendance.TestCounselorLogin" name="test_login_pin_1_returns_bus01" time="0.135" /><testcase classname="backend.tests.test_admin_clear_attendance.TestCounselorLogin" name="test_login_admin_pin_not_valid_bus" time="0.061" /><testcase classname="backend.tests.test_admin_clear_attendance.TestClearAttendanceAPI" name="test_clear_with_empty_dates" time="0.047" /><testcase classname="backend.tests.test_admin_clear_attendance.TestClearAttendanceAPI" name="test_e2e_create_verify_clear_verify_deletion" time="0.288" /><testcase classname="backend.tests.test_admin_clear_attendance.TestClearAttendanceAPI" name="test_clear_all_buses_for_date" time="0.103" /><testcase classname="backend.tests.test_admin_clear_attendance.TestClearAttendanceAPI" name="test_clear_with_wrong_bus_does_not_delete" time="0.147" /></testsuite></testsuites>