<?xml version="1.0" encoding="utf-8"?><testsuites name="pytest tests"><testsuite name="pytest" errors="0" failures="0" skipped="0" tests="17" time="1.191" timestamp="2026-01-30T11:46:52.684418+00:00" hostname="agent-env-b21b4a8f-ca10-4597-a26e-28a7745cae09"><testcase classname="tests.test_pickup_dropoff_roster.TestPickupDropoffEndpoint" name="test_set_early_pickup_status" time="0.062" /><testcase classname="tests.test_pickup_dropoff_roster.TestPickupDropoffEndpoint" name="test_verify_status_in_campers_list" time="0.073" /><testcase classname="tests.test_pickup_dropoff_roster.TestPickupDropoffEndpoint" name="test_set_late_dropoff_status" time="0.038" /><testcase classname="tests.test_pickup_dropoff_roster.TestPickupDropoffEndpoint" name="test_set_both_status" time="0.033" /><testcase classname="tests.test_pickup_dropoff_roster.TestPickupDropoffEndpoint" name="test_clear_status" time="0.035" /><testcase classname="tests.test_pickup_dropoff_roster.TestPickupDropoffEndpoint" name="test_verify_status_cleared" time="0.097" /><testcase classname="tests.test_pickup_dropoff_roster.TestPickupDropoffEndpoint" name="test_invalid_status_rejected" time="0.036" /><testcase classname="tests.test_pickup_dropoff_roster.TestPickupDropoffEndpoint" name="test_nonexistent_camper" time="0.038" /><testcase classname="tests.test_pickup_dropoff_roster.TestFullRosterPrintEndpoint" name="test_roster_all_buses" time="0.049" /><testcase classname="tests.test_pickup_dropoff_roster.TestFullRosterPrintEndpoint" name="test_roster_specific_bus" time="0.036" /><testcase classname="tests.test_pickup_dropoff_roster.TestFullRosterPrintEndpoint" name="test_roster_contains_rider_type" time="0.042" /><testcase classname="tests.test_pickup_dropoff_roster.TestFullRosterPrintEndpoint" name="test_roster_contains_address" time="0.039" /><testcase classname="tests.test_pickup_dropoff_roster.TestFullRosterPrintEndpoint" name="test_roster_with_pickup_dropoff_status" time="0.109" /><testcase classname="tests.test_pickup_dropoff_roster.TestFullRosterPrintEndpoint" name="test_roster_nonexistent_bus" time="0.034" /><testcase classname="tests.test_pickup_dropoff_roster.TestCamperDataIntegrity" name="test_campers_endpoint_returns_pickup_dropoff_field" time="0.064" /><testcase classname="tests.test_pickup_dropoff_roster.TestCamperDataIntegrity" name="test_camper_has_required_fields" time="0.062" /><testcase classname="tests.test_pickup_dropoff_roster.TestEndToEndFlow" name="test_complete_flow" time="0.268" /></testsuite></testsuites>