<?xml version="1.0" encoding="utf-8"?><testsuites name="pytest tests"><testsuite name="pytest" errors="0" failures="2" skipped="0" tests="14" time="1.531" timestamp="2026-01-13T19:17:04.364303+00:00" hostname="agent-env-c80637e0-cbb4-4157-ac9b-b784a3db5098"><testcase classname="tests.test_bus_staff_api.TestBusStaffAPI" name="test_api_root" time="0.111" /><testcase classname="tests.test_bus_staff_api.TestBusStaffAPI" name="test_get_all_bus_staff" time="0.078" /><testcase classname="tests.test_bus_staff_api.TestBusStaffAPI" name="test_create_bus_staff" time="0.151" /><testcase classname="tests.test_bus_staff_api.TestBusStaffAPI" name="test_create_and_verify_persistence" time="0.215" /><testcase classname="tests.test_bus_staff_api.TestBusStaffAPI" name="test_update_bus_staff" time="0.234" /><testcase classname="tests.test_bus_staff_api.TestBusStaffAPI" name="test_get_single_bus_staff" time="0.121" /><testcase classname="tests.test_bus_staff_api.TestBusStaffAPI" name="test_get_nonexistent_bus_staff" time="0.072"><failure message="assert 200 == 404&#10; +  where 200 = &lt;Response [200]&gt;.status_code">tests/test_bus_staff_api.py:147: in test_get_nonexistent_bus_staff
    assert response.status_code == 404
E   assert 200 == 404
E    +  where 200 = &lt;Response [200]&gt;.status_code</failure></testcase><testcase classname="tests.test_bus_staff_api.TestBusStaffAPI" name="test_delete_bus_staff" time="0.157"><failure message="assert 200 == 404&#10; +  where 200 = &lt;Response [200]&gt;.status_code">tests/test_bus_staff_api.py:167: in test_delete_bus_staff
    assert get_response.status_code == 404
E   assert 200 == 404
E    +  where 200 = &lt;Response [200]&gt;.status_code</failure></testcase><testcase classname="tests.test_bus_staff_api.TestBusStaffAPI" name="test_delete_nonexistent_bus_staff" time="0.081" /><testcase classname="tests.test_bus_staff_api.TestExistingBusStaff" name="test_bus_01_staff_exists" time="0.035" /><testcase classname="tests.test_bus_staff_api.TestDownloadEndpoints" name="test_download_seat_availability" time="0.053" /><testcase classname="tests.test_bus_staff_api.TestDownloadEndpoints" name="test_download_bus_assignments" time="0.040" /><testcase classname="tests.test_bus_staff_api.TestDownloadEndpoints" name="test_seat_availability_includes_staff_info" time="0.037" /><testcase classname="tests.test_bus_staff_api.TestCampersAPI" name="test_get_campers" time="0.053" /></testsuite></testsuites>