<?xml version="1.0" encoding="utf-8"?><testsuites name="pytest tests"><testsuite name="pytest" errors="0" failures="0" skipped="0" tests="14" time="1.410" timestamp="2026-01-13T19:17:37.980490+00:00" hostname="agent-env-c80637e0-cbb4-4157-ac9b-b784a3db5098"><testcase classname="tests.test_bus_staff_api.TestBusStaffAPI" name="test_api_root" time="0.103" /><testcase classname="tests.test_bus_staff_api.TestBusStaffAPI" name="test_get_all_bus_staff" time="0.117" /><testcase classname="tests.test_bus_staff_api.TestBusStaffAPI" name="test_create_bus_staff" time="0.091" /><testcase classname="tests.test_bus_staff_api.TestBusStaffAPI" name="test_create_and_verify_persistence" time="0.125" /><testcase classname="tests.test_bus_staff_api.TestBusStaffAPI" name="test_update_bus_staff" time="0.223" /><testcase classname="tests.test_bus_staff_api.TestBusStaffAPI" name="test_get_single_bus_staff" time="0.165" /><testcase classname="tests.test_bus_staff_api.TestBusStaffAPI" name="test_get_unconfigured_bus_staff" time="0.071" /><testcase classname="tests.test_bus_staff_api.TestBusStaffAPI" name="test_delete_bus_staff" time="0.155" /><testcase classname="tests.test_bus_staff_api.TestBusStaffAPI" name="test_delete_nonexistent_bus_staff" time="0.062" /><testcase classname="tests.test_bus_staff_api.TestExistingBusStaff" name="test_bus_01_staff_exists" time="0.036" /><testcase classname="tests.test_bus_staff_api.TestDownloadEndpoints" name="test_download_seat_availability" time="0.042" /><testcase classname="tests.test_bus_staff_api.TestDownloadEndpoints" name="test_download_bus_assignments" time="0.043" /><testcase classname="tests.test_bus_staff_api.TestDownloadEndpoints" name="test_seat_availability_includes_staff_info" time="0.040" /><testcase classname="tests.test_bus_staff_api.TestCampersAPI" name="test_get_campers" time="0.058" /></testsuite></testsuites>