<?xml version="1.0" encoding="utf-8"?><testsuites name="pytest tests"><testsuite name="pytest" errors="0" failures="0" skipped="0" tests="15" time="2.497" timestamp="2026-04-02T19:02:22.872917+00:00" hostname="agent-env-69a7410d-0ec1-4727-b116-637e745371c0"><testcase classname="tests.test_refactored_api.TestHealthAndConfig" name="test_api_health" time="0.174" /><testcase classname="tests.test_refactored_api.TestHealthAndConfig" name="test_config_check" time="0.165" /><testcase classname="tests.test_refactored_api.TestHealthAndConfig" name="test_geocode_cache_stats" time="0.134" /><testcase classname="tests.test_refactored_api.TestSeasons" name="test_get_active_season" time="0.140" /><testcase classname="tests.test_refactored_api.TestCampers" name="test_get_campers" time="0.200" /><testcase classname="tests.test_refactored_api.TestBuses" name="test_get_buses" time="0.208" /><testcase classname="tests.test_refactored_api.TestBusZones" name="test_get_bus_zones" time="0.135" /><testcase classname="tests.test_refactored_api.TestShadows" name="test_get_shadows" time="0.120" /><testcase classname="tests.test_refactored_api.TestBusStaff" name="test_get_bus_staff" time="0.130" /><testcase classname="tests.test_refactored_api.TestBusTracking" name="test_bus_tracking_login" time="0.123" /><testcase classname="tests.test_refactored_api.TestBusTracking" name="test_bus_tracking_login_invalid" time="0.123" /><testcase classname="tests.test_refactored_api.TestBusTracking" name="test_bus_tracking_history" time="0.132" /><testcase classname="tests.test_refactored_api.TestBusTracking" name="test_attendance_report_json" time="0.110" /><testcase classname="tests.test_refactored_api.TestAutoSync" name="test_auto_sync_status" time="0.156" /><testcase classname="tests.test_refactored_api.TestRouteSheet" name="test_route_sheet" time="0.366" /></testsuite></testsuites>