<?xml version="1.0" encoding="utf-8"?><testsuites name="pytest tests"><testsuite name="pytest" errors="0" failures="0" skipped="0" tests="14" time="1.215" timestamp="2026-01-16T20:14:00.625205+00:00" hostname="agent-env-bd73f86f-5bc3-4755-8ddb-6628e42a9d6a"><testcase classname="tests.test_season_api.TestSeasonAPI" name="test_health_check" time="0.073" /><testcase classname="tests.test_season_api.TestSeasonAPI" name="test_get_all_seasons" time="0.044" /><testcase classname="tests.test_season_api.TestSeasonAPI" name="test_get_active_season" time="0.042" /><testcase classname="tests.test_season_api.TestSeasonAPI" name="test_get_campers_filtered_by_season" time="0.069" /><testcase classname="tests.test_season_api.TestSeasonAPI" name="test_get_shadows_filtered_by_season" time="0.041" /><testcase classname="tests.test_season_api.TestSeasonAPI" name="test_get_bus_zones_filtered_by_season" time="0.041" /><testcase classname="tests.test_season_api.TestSeasonAPI" name="test_get_bus_staff_filtered_by_season" time="0.041" /><testcase classname="tests.test_season_api.TestSeasonCRUD" name="test_create_new_season_without_copy" time="0.183" /><testcase classname="tests.test_season_api.TestSeasonCRUD" name="test_activate_season" time="0.184" /><testcase classname="tests.test_season_api.TestSeasonCRUD" name="test_activate_nonexistent_season" time="0.133" /><testcase classname="tests.test_season_api.TestSeasonDataFiltering" name="test_campers_have_season_id" time="0.097" /><testcase classname="tests.test_season_api.TestSeasonDataFiltering" name="test_camper_count_matches_active_season" time="0.098" /><testcase classname="tests.test_season_api.TestSeasonIntegration" name="test_seat_availability_uses_active_season" time="0.042" /><testcase classname="tests.test_season_api.TestSeasonIntegration" name="test_db_status_endpoint" time="0.038" /></testsuite></testsuites>