<?xml version="1.0" encoding="utf-8"?><testsuites name="pytest tests"><testsuite name="pytest" errors="0" failures="0" skipped="0" tests="14" time="1.177" timestamp="2026-01-15T22:40:31.278964+00:00" hostname="agent-env-5724cf13-a9d4-4d9d-a4d1-0cf3f1033846"><testcase classname="tests.test_shadow_api.TestShadowAPI" name="test_health_check" time="0.062" /><testcase classname="tests.test_shadow_api.TestShadowAPI" name="test_get_all_shadows" time="0.037" /><testcase classname="tests.test_shadow_api.TestShadowAPI" name="test_existing_shadow_data_structure" time="0.040" /><testcase classname="tests.test_shadow_api.TestShadowAPI" name="test_get_shadow_by_camper" time="0.076" /><testcase classname="tests.test_shadow_api.TestShadowAPI" name="test_get_shadow_by_bus" time="0.065" /><testcase classname="tests.test_shadow_api.TestShadowAPI" name="test_create_shadow_requires_valid_camper" time="0.038" /><testcase classname="tests.test_shadow_api.TestShadowAPI" name="test_create_shadow_requires_name" time="0.034" /><testcase classname="tests.test_shadow_api.TestShadowAPI" name="test_create_and_delete_shadow" time="0.243" /><testcase classname="tests.test_shadow_api.TestShadowAPI" name="test_duplicate_shadow_rejected" time="0.105" /><testcase classname="tests.test_shadow_api.TestShadowAPI" name="test_delete_nonexistent_shadow" time="0.035" /><testcase classname="tests.test_shadow_api.TestShadowSeatAvailability" name="test_seat_availability_includes_shadows" time="0.039" /><testcase classname="tests.test_shadow_api.TestShadowSeatAvailability" name="test_shadow_affects_seat_count" time="0.111" /><testcase classname="tests.test_shadow_api.TestShadowDataIntegrity" name="test_shadow_inherits_camper_bus" time="0.096" /><testcase classname="tests.test_shadow_api.TestShadowDataIntegrity" name="test_shadow_inherits_camper_session" time="0.126" /></testsuite></testsuites>