<?xml version="1.0" encoding="utf-8"?><testsuites name="pytest tests"><testsuite name="pytest" errors="0" failures="0" skipped="0" tests="9" time="1.623" timestamp="2026-01-20T16:42:12.548297+00:00" hostname="agent-env-c525e257-748d-47b2-9c8b-5fe962155af4"><testcase classname="tests.test_staff_zone_lookup.TestStaffAddressesAPI" name="test_get_all_staff_addresses" time="0.084" /><testcase classname="tests.test_staff_zone_lookup.TestStaffAddressesAPI" name="test_brian_stein_exists" time="0.042" /><testcase classname="tests.test_staff_zone_lookup.TestStaffAddressesAPI" name="test_create_staff_address" time="0.241" /><testcase classname="tests.test_staff_zone_lookup.TestStaffAddressesAPI" name="test_create_staff_with_bus_assignment" time="0.184" /><testcase classname="tests.test_staff_zone_lookup.TestStaffAddressesAPI" name="test_update_staff_bus_assignment" time="0.270" /><testcase classname="tests.test_staff_zone_lookup.TestStaffAddressesAPI" name="test_delete_staff_address" time="0.241" /><testcase classname="tests.test_staff_zone_lookup.TestStaffAddressesAPI" name="test_geocoding_failure_handling" time="0.410" /><testcase classname="tests.test_staff_zone_lookup.TestSeatAvailabilityWithStaff" name="test_seat_availability_includes_staff" time="0.040" /><testcase classname="tests.test_staff_zone_lookup.TestCoverSheetWithStaff" name="test_cover_sheet_includes_staff_notes" time="0.042" /></testsuite></testsuites>